<?xml version="1.0" ?>
<testsuites failures="1" name="TestXML" tests="1" time="0">
	<testsuite name="Game O Clock S" failures="2"  tests="2" time="0">
		<testcase name=" minute signal" time="0">
			<failure message="EXPECTED: signal: minute_tick was emitted from [Node:40223] but GOT signal: minute_tick was not emitted from [Node:40223]"></failure></testcase>
		<testcase name=" two minutes" time="0">
			<failure message="EXPECTED: signal: minute_tick was emitted from [Node:40223] 2 but GOT signal: minute_tick was not emitted from [Node:40223] 2"></failure></testcase>
	</testsuite>

</testsuites>